<?xml version='1.1' encoding='UTF-8'?>
<result plugin="junit@1.24">
  <suites>
    <suite>
      <file>/var/lib/jenkins/workspace/jenkins POC--copy/target/surefire-reports/TEST-com.sample.mvc.controllerTest.EmployeeControllerTest.xml</file>
      <name>com.sample.mvc.controllerTest.EmployeeControllerTest</name>
      <duration>0.414</duration>
      <time>0.414</time>
      <enclosingBlocks/>
      <enclosingBlockNames/>
      <cases>
        <case>
          <duration>0.369</duration>
          <className>com.sample.mvc.controllerTest.EmployeeControllerTest</className>
          <testName>testUpdateEmployee</testName>
          <skipped>false</skipped>
          <failedSince>0</failedSince>
        </case>
        <case>
          <duration>0.016</duration>
          <className>com.sample.mvc.controllerTest.EmployeeControllerTest</className>
          <testName>testAddEmployee</testName>
          <skipped>false</skipped>
          <failedSince>0</failedSince>
        </case>
        <case>
          <duration>0.01</duration>
          <className>com.sample.mvc.controllerTest.EmployeeControllerTest</className>
          <testName>testListContacts</testName>
          <skipped>false</skipped>
          <failedSince>0</failedSince>
        </case>
        <case>
          <duration>0.008</duration>
          <className>com.sample.mvc.controllerTest.EmployeeControllerTest</className>
          <testName>testDeleteEmployee</testName>
          <skipped>false</skipped>
          <failedSince>0</failedSince>
        </case>
        <case>
          <duration>0.011</duration>
          <className>com.sample.mvc.controllerTest.EmployeeControllerTest</className>
          <testName>testGetEmployeeById</testName>
          <skipped>false</skipped>
          <failedSince>0</failedSince>
        </case>
      </cases>
    </suite>
    <suite>
      <file>/var/lib/jenkins/workspace/jenkins POC--copy/target/surefire-reports/TEST-com.sample.mvc.daoTest.EmployeeDAOImplTest.xml</file>
      <name>com.sample.mvc.daoTest.EmployeeDAOImplTest</name>
      <duration>0.03</duration>
      <time>0.03</time>
      <enclosingBlocks/>
      <enclosingBlockNames/>
      <cases>
        <case>
          <duration>0.011</duration>
          <className>com.sample.mvc.daoTest.EmployeeDAOImplTest</className>
          <testName>addEmployeeTest</testName>
          <skipped>false</skipped>
          <failedSince>0</failedSince>
        </case>
        <case>
          <duration>0.002</duration>
          <className>com.sample.mvc.daoTest.EmployeeDAOImplTest</className>
          <testName>deleteEmployeeTest</testName>
          <skipped>false</skipped>
          <failedSince>0</failedSince>
        </case>
        <case>
          <duration>0.015</duration>
          <className>com.sample.mvc.daoTest.EmployeeDAOImplTest</className>
          <testName>listContactTest</testName>
          <skipped>false</skipped>
          <failedSince>0</failedSince>
        </case>
        <case>
          <duration>0.001</duration>
          <className>com.sample.mvc.daoTest.EmployeeDAOImplTest</className>
          <testName>getEmployeebyIdTest</testName>
          <skipped>false</skipped>
          <failedSince>0</failedSince>
        </case>
        <case>
          <duration>0.001</duration>
          <className>com.sample.mvc.daoTest.EmployeeDAOImplTest</className>
          <testName>updateEmployeeTest</testName>
          <skipped>false</skipped>
          <failedSince>0</failedSince>
        </case>
      </cases>
    </suite>
    <suite>
      <file>/var/lib/jenkins/workspace/jenkins POC--copy/target/surefire-reports/TEST-com.sample.mvc.serviceTest.EmployeeServiceTest.xml</file>
      <name>com.sample.mvc.serviceTest.EmployeeServiceTest</name>
      <duration>0.005</duration>
      <time>0.005</time>
      <enclosingBlocks/>
      <enclosingBlockNames/>
      <cases>
        <case>
          <duration>0.0</duration>
          <className>com.sample.mvc.serviceTest.EmployeeServiceTest</className>
          <testName>testUpdateEmployee</testName>
          <skipped>false</skipped>
          <failedSince>0</failedSince>
        </case>
        <case>
          <duration>0.0</duration>
          <className>com.sample.mvc.serviceTest.EmployeeServiceTest</className>
          <testName>testAddEmployee</testName>
          <skipped>false</skipped>
          <failedSince>0</failedSince>
        </case>
        <case>
          <duration>0.001</duration>
          <className>com.sample.mvc.serviceTest.EmployeeServiceTest</className>
          <testName>testDeleteEmployee</testName>
          <skipped>false</skipped>
          <failedSince>0</failedSince>
        </case>
        <case>
          <duration>0.004</duration>
          <className>com.sample.mvc.serviceTest.EmployeeServiceTest</className>
          <testName>testGetEmployeeById</testName>
          <skipped>false</skipped>
          <failedSince>0</failedSince>
        </case>
        <case>
          <duration>0.0</duration>
          <className>com.sample.mvc.serviceTest.EmployeeServiceTest</className>
          <testName>testListContact</testName>
          <skipped>false</skipped>
          <failedSince>0</failedSince>
        </case>
      </cases>
    </suite>
  </suites>
  <duration>0.449</duration>
  <keepLongStdio>false</keepLongStdio>
</result>